2025-11-26 20:28:39,608 - TheraOfficeRPA - INFO - ==============================================
2025-11-26 20:28:39,608 - TheraOfficeRPA - INFO - === TheraOffice Automation (DYNAMIC) STARTING ===
2025-11-26 20:28:39,608 - TheraOfficeRPA - INFO - ==============================================
2025-11-26 20:28:39,608 - TheraOfficeRPA - INFO - Configuration loaded successfully from c:\Users\murari.sen\Downloads\python solution rpa\python solution rpa\config.ini
2025-11-26 20:28:39,608 - TheraOfficeRPA - INFO - Checking for and terminating any existing 'TheraOffice.exe' processes...
2025-11-26 20:28:39,625 - TheraOfficeRPA - INFO - Terminating PID 11248 (TheraOffice.exe)
2025-11-26 20:28:39,728 - TheraOfficeRPA - INFO - Step 1.0: Launching TheraOffice with debugging enabled via environment variable...
2025-11-26 20:28:39,728 - TheraOfficeRPA - INFO - Set WEBVIEW2_REMOTE_DEBUGGING_PORT=9223
2025-11-26 20:28:39,910 - TheraOfficeRPA - INFO - Launch command sent. Waiting for process to appear...
2025-11-26 20:28:51,922 - TheraOfficeRPA - INFO - Connecting main window handle with pywinauto: 'TheraOffice.exe'...
2025-11-26 20:28:54,006 - TheraOfficeRPA - INFO - Successfully launched TheraOffice and connected main window handle.
2025-11-26 20:28:54,007 - TheraOfficeRPA - INFO - Step 1.1: Attempting login by finding window via its unique Class Name...
2025-11-26 20:28:54,007 - TheraOfficeRPA - INFO - Searching for window with Class Name: 'WindowsForms10.Window.8.app.0.1629f15_r7_ad1'...
2025-11-26 20:28:54,692 - TheraOfficeRPA - INFO - Correct login window found! Title is now: ''
2025-11-26 20:28:56,707 - TheraOfficeRPA - INFO - Filled username.
2025-11-26 20:28:58,555 - TheraOfficeRPA - INFO - Filled password.
2025-11-26 20:29:00,565 - TheraOfficeRPA - INFO - Clicked Log In button.
2025-11-26 20:29:00,565 - TheraOfficeRPA - INFO - Login submitted. Waiting 5 seconds for the next screen...
2025-11-26 20:29:05,566 - TheraOfficeRPA - INFO - Dynamic login succeeded.
2025-11-26 20:29:05,566 - TheraOfficeRPA - INFO - Waiting for a logged-in state (final, unambiguous check)...
2025-11-26 20:29:06,189 - TheraOfficeRPA - DEBUG - Polling for an active window (facility or main)...
2025-11-26 20:29:08,776 - TheraOfficeRPA - DEBUG - Polling for an active window (facility or main)...
2025-11-26 20:29:12,383 - TheraOfficeRPA - DEBUG - Polling for an active window (facility or main)...
2025-11-26 20:29:15,774 - TheraOfficeRPA - DEBUG - Polling for an active window (facility or main)...
2025-11-26 20:29:19,552 - TheraOfficeRPA - INFO - SUCCESS: Detected 'Services Rendered Facility' child dialog.
2025-11-26 20:29:20,245 - TheraOfficeRPA - INFO - Attempting to select facility 'Brookline/Allston'...
2025-11-26 20:29:20,262 - TheraOfficeRPA - INFO - 'Services Rendered Facility' window ready: handle=0x120bbe
2025-11-26 20:29:20,772 - TheraOfficeRPA - INFO - Searching for facility item with internal ID: 'Row0_SRFACILITY'...
2025-11-26 20:29:21,093 - TheraOfficeRPA - INFO - Clicking the row for 'Brookline/Allston' (ID: Row0_SRFACILITY)...
2025-11-26 20:29:21,866 - TheraOfficeRPA - INFO - Looking for 'OK' button...
2025-11-26 20:29:22,116 - TheraOfficeRPA - INFO - Clicked 'OK' on facility dialog.
2025-11-26 20:29:25,118 - TheraOfficeRPA - INFO - Facility 'Brookline/Allston' has been selected successfully.
2025-11-26 20:29:25,119 - TheraOfficeRPA - INFO - Facility selected successfully.
2025-11-26 20:29:25,119 - TheraOfficeRPA - INFO - Waiting 3 seconds for popup to appear...
2025-11-26 20:29:28,121 - TheraOfficeRPA - INFO - Running diagnostic to find all windows...
2025-11-26 20:29:28,121 - TheraOfficeRPA - INFO - === LISTING ALL THERAOFFICE WINDOWS ===
2025-11-26 20:29:29,349 - TheraOfficeRPA - INFO - Found 3 windows in process 38620
2025-11-26 20:29:29,349 - TheraOfficeRPA - INFO - 
--- Window 0 ---
2025-11-26 20:29:29,349 - TheraOfficeRPA - INFO -   Title: 'Form1'
2025-11-26 20:29:29,349 - TheraOfficeRPA - INFO -   Class: 'WindowsForms10.Window.808.app.0.1629f15_r7_ad1'
2025-11-26 20:29:29,349 - TheraOfficeRPA - INFO -   Handle: 0x800d8e
2025-11-26 20:29:29,349 - TheraOfficeRPA - INFO -   Visible: True
2025-11-26 20:29:29,349 - TheraOfficeRPA - INFO -   Enabled: True
2025-11-26 20:29:29,385 - TheraOfficeRPA - INFO -   Children count: 3
2025-11-26 20:29:29,385 - TheraOfficeRPA - INFO - 
--- Window 1 ---
2025-11-26 20:29:29,385 - TheraOfficeRPA - INFO -   Title: 'TheraOffice Web (Joint Ventures - megbus)'
2025-11-26 20:29:29,385 - TheraOfficeRPA - INFO -   Class: 'WindowsForms10.Window.8.app.0.1629f15_r7_ad1'
2025-11-26 20:29:29,385 - TheraOfficeRPA - INFO -   Handle: 0x1a0bc0
2025-11-26 20:29:29,385 - TheraOfficeRPA - INFO -   Visible: True
2025-11-26 20:29:29,385 - TheraOfficeRPA - INFO -   Enabled: True
2025-11-26 20:29:29,447 - TheraOfficeRPA - INFO -   Children count: 4
2025-11-26 20:29:29,447 - TheraOfficeRPA - INFO - 
--- Window 2 ---
2025-11-26 20:29:29,447 - TheraOfficeRPA - INFO -   Title: ''
2025-11-26 20:29:29,447 - TheraOfficeRPA - INFO -   Class: 'WindowsForms10.Window.8.app.0.1629f15_r7_ad1'
2025-11-26 20:29:29,447 - TheraOfficeRPA - INFO -   Handle: 0x1a10b32
2025-11-26 20:29:29,447 - TheraOfficeRPA - INFO -   Visible: True
2025-11-26 20:29:29,447 - TheraOfficeRPA - INFO -   Enabled: True
2025-11-26 20:29:29,447 - TheraOfficeRPA - INFO -   Children count: 0
2025-11-26 20:29:29,447 - TheraOfficeRPA - INFO - === END WINDOW LIST ===
2025-11-26 20:29:29,447 - TheraOfficeRPA - INFO - 
Attempting to dismiss popup...
2025-11-26 20:29:29,447 - TheraOfficeRPA - INFO - Scanning for 'Shared User Accounts' popup...
2025-11-26 20:29:49,461 - TheraOfficeRPA - DEBUG - -->while loop
2025-11-26 20:29:49,461 - TheraOfficeRPA - INFO - Sending Alt+O to focused window...
2025-11-26 20:29:49,617 - TheraOfficeRPA - INFO - Alt+O sent successfully.
2025-11-26 20:29:49,617 - TheraOfficeRPA - INFO - Waiting for main window to become active...
2025-11-26 20:29:49,617 - TheraOfficeRPA - INFO - Waiting for a logged-in state (final, unambiguous check)...
2025-11-26 20:29:51,864 - TheraOfficeRPA - INFO - SUCCESS: Detected active main window: 'TheraOffice Web (Joint Ventures - megbus)'
2025-11-26 20:29:51,864 - TheraOfficeRPA - INFO - Main window is ready.
2025-11-26 20:29:51,864 - TheraOfficeRPA - INFO - Navigating to the Scheduling module...
2025-11-26 20:29:52,050 - TheraOfficeRPA - INFO - Finding the 'Modules' toolbar...
2025-11-26 20:29:53,966 - TheraOfficeRPA - INFO - Finding the 'Scheduling' button within the 'Modules' toolbar...
2025-11-26 20:29:56,044 - TheraOfficeRPA - INFO - Clicking the 'Scheduling' button...
2025-11-26 20:29:57,248 - TheraOfficeRPA - INFO - Successfully navigated to Scheduling.
2025-11-26 20:30:00,249 - TheraOfficeRPA - INFO - Navigated to Scheduling.
2025-11-26 20:30:00,249 - TheraOfficeRPA - INFO - Checking for 'Select Facility' dialog in Scheduling...
2025-11-26 20:30:01,447 - TheraOfficeRPA - INFO - 'Select Facility' dialog found. Selecting facility...
2025-11-26 20:30:05,003 - TheraOfficeRPA - INFO - Searching for facility item with ID: 'Row0_SRFACILITY'...
2025-11-26 20:30:07,172 - TheraOfficeRPA - INFO - Clicking the row for 'Brookline/Allston'...
2025-11-26 20:30:10,349 - TheraOfficeRPA - INFO - Clicked 'OK' on Select Facility dialog.
2025-11-26 20:30:12,350 - TheraOfficeRPA - INFO - Scheduling facility handled.
2025-11-26 20:30:12,350 - TheraOfficeRPA - ERROR - CRITICAL: Image file 'star_icon.png' not found!
2025-11-26 20:30:12,350 - TheraOfficeRPA - INFO - Automation workflow finished.
2025-11-26 20:30:12,351 - TheraOfficeRPA - INFO - ==============================================
2025-11-26 20:30:12,351 - TheraOfficeRPA - INFO - === TheraOffice Automation (DYNAMIC) FINISHED ===
2025-11-26 20:30:12,352 - TheraOfficeRPA - INFO - ==============================================
