2025-11-24 20:33:20,905 - TheraOfficeRPA - INFO - ==============================================
2025-11-24 20:33:20,905 - TheraOfficeRPA - INFO - === TheraOffice Automation (DYNAMIC) STARTING ===
2025-11-24 20:33:20,905 - TheraOfficeRPA - INFO - ==============================================
2025-11-24 20:33:20,905 - TheraOfficeRPA - INFO - Configuration loaded successfully from C:\Users\murari.sen\Downloads\python solution rpa\python solution rpa\config.ini
2025-11-24 20:33:20,905 - TheraOfficeRPA - INFO - Checking for and terminating any existing 'TheraOffice.exe' processes...
2025-11-24 20:33:20,944 - TheraOfficeRPA - INFO - No existing processes found.
2025-11-24 20:33:20,944 - TheraOfficeRPA - INFO - Step 1.0: Launching TheraOffice with debugging enabled via environment variable...
2025-11-24 20:33:20,944 - TheraOfficeRPA - INFO - Set WEBVIEW2_REMOTE_DEBUGGING_PORT=9223
2025-11-24 20:33:21,168 - TheraOfficeRPA - INFO - Launch command sent. Waiting for process to appear...
2025-11-24 20:33:33,177 - TheraOfficeRPA - INFO - Connecting main window handle with pywinauto: 'TheraOffice.exe'...
2025-11-24 20:33:35,103 - TheraOfficeRPA - INFO - Successfully launched TheraOffice and connected main window handle.
2025-11-24 20:33:35,103 - TheraOfficeRPA - INFO - Step 1.1: Attempting login by finding window via its unique Class Name...
2025-11-24 20:33:35,103 - TheraOfficeRPA - INFO - Searching for window with Class Name: 'WindowsForms10.Window.8.app.0.1629f15_r7_ad1'...
2025-11-24 20:33:35,777 - TheraOfficeRPA - INFO - Correct login window found! Title is now: ''
2025-11-24 20:33:38,503 - TheraOfficeRPA - INFO - Filled username.
2025-11-24 20:33:40,192 - TheraOfficeRPA - INFO - Filled password.
2025-11-24 20:33:42,103 - TheraOfficeRPA - INFO - Clicked Log In button.
2025-11-24 20:33:42,103 - TheraOfficeRPA - INFO - Login submitted. Waiting 5 seconds for the next screen...
2025-11-24 20:33:47,105 - TheraOfficeRPA - INFO - Dynamic login succeeded.
2025-11-24 20:33:47,105 - TheraOfficeRPA - INFO - Waiting for a logged-in state (facility dialog or main window)...
2025-11-24 20:33:47,105 - TheraOfficeRPA - INFO - Waiting for a logged-in state (final, unambiguous check)...
2025-11-24 20:33:47,700 - TheraOfficeRPA - DEBUG - Polling for an active window (facility or main)...
2025-11-24 20:33:50,340 - TheraOfficeRPA - DEBUG - Polling for an active window (facility or main)...
2025-11-24 20:33:53,217 - TheraOfficeRPA - DEBUG - Polling for an active window (facility or main)...
2025-11-24 20:33:56,542 - TheraOfficeRPA - DEBUG - Polling for an active window (facility or main)...
2025-11-24 20:34:00,101 - TheraOfficeRPA - INFO - SUCCESS: Detected 'Services Rendered Facility' child dialog.
2025-11-24 20:34:00,784 - TheraOfficeRPA - INFO - Facility selection dialog detected; selecting 'Brookline/Allston'...
2025-11-24 20:34:00,784 - TheraOfficeRPA - INFO - Attempting to select facility 'Brookline/Allston'...
2025-11-24 20:34:00,784 - TheraOfficeRPA - INFO - 'Services Rendered Facility' window ready: handle=0x880210
2025-11-24 20:34:01,297 - TheraOfficeRPA - INFO - Searching for facility item with internal ID: 'Row0_SRFACILITY'...
2025-11-24 20:34:01,608 - TheraOfficeRPA - INFO - Clicking the row for 'Brookline/Allston' (ID: Row0_SRFACILITY)...
2025-11-24 20:34:02,385 - TheraOfficeRPA - INFO - Looking for 'OK' button...
2025-11-24 20:34:02,635 - TheraOfficeRPA - INFO - Clicked 'OK' on facility dialog.
2025-11-24 20:34:05,636 - TheraOfficeRPA - INFO - Facility 'Brookline/Allston' has been selected successfully.
2025-11-24 20:34:05,636 - TheraOfficeRPA - INFO - Facility selected. Waiting for main window again...
2025-11-24 20:34:05,636 - TheraOfficeRPA - INFO - Waiting for a logged-in state (final, unambiguous check)...
2025-11-24 20:34:07,432 - TheraOfficeRPA - INFO - SUCCESS: Detected active main window: 'TheraOffice Web (Joint Ventures - megbus)'
2025-11-24 20:34:07,432 - TheraOfficeRPA - INFO - Main window is ready.
2025-11-24 20:34:07,432 - TheraOfficeRPA - INFO - Scanning for Shared User Accounts OK button...
2025-11-24 20:34:48,839 - TheraOfficeRPA - WARNING - Did NOT detect Shared User Accounts popup within timeout.
2025-11-24 20:34:48,839 - TheraOfficeRPA - INFO - Automation workflow can now proceed.
2025-11-24 20:34:48,839 - TheraOfficeRPA - INFO - ==============================================
2025-11-24 20:34:48,839 - TheraOfficeRPA - INFO - === TheraOffice Automation (DYNAMIC) FINISHED ===
2025-11-24 20:34:48,839 - TheraOfficeRPA - INFO - ==============================================
